2024-09-28 16:57:19.266 [info] Extension host with pid 23418 started
2024-09-28 16:57:19.364 [info] ExtensionService#_doActivateExtension vscode.git-base, startup: true, activationEvent: '*', root cause: vscode.git
2024-09-28 16:57:19.432 [info] ExtensionService#_doActivateExtension vscode.git, startup: true, activationEvent: '*'
2024-09-28 16:57:19.549 [info] ExtensionService#_doActivateExtension vscode.github, startup: true, activationEvent: '*'
2024-09-28 16:57:19.699 [info] Eager extensions activated
2024-09-28 16:57:19.850 [info] ExtensionService#_doActivateExtension vscode.debug-auto-launch, startup: false, activationEvent: 'onStartupFinished'
2024-09-28 16:57:19.853 [info] ExtensionService#_doActivateExtension vscode.merge-conflict, startup: false, activationEvent: 'onStartupFinished'
2024-09-28 16:57:59.115 [info] Extension host terminating: renderer closed the MessagePort
2024-09-28 16:57:59.129 [info] Extension host with pid 23418 exiting with code 0
2024-09-28 16:58:00.119 [info] Extension host with pid 23746 started
2024-09-28 16:58:00.119 [info] Skipping acquiring lock for /opt/lampp/htdocs/angkasapura/.vscode/User/workspaceStorage/f9275c24d6994f20b4d2f7c9689ab748.
2024-09-28 16:58:00.330 [info] ExtensionService#_doActivateExtension vscode.git-base, startup: true, activationEvent: '*'
2024-09-28 16:58:00.352 [info] ExtensionService#_doActivateExtension vscode.github, startup: true, activationEvent: '*'
2024-09-28 16:58:00.372 [info] Eager extensions activated
2024-09-28 16:58:00.374 [info] ExtensionService#_doActivateExtension vscode.debug-auto-launch, startup: false, activationEvent: 'onStartupFinished'
2024-09-28 16:58:00.377 [info] ExtensionService#_doActivateExtension vscode.merge-conflict, startup: false, activationEvent: 'onStartupFinished'
2024-09-28 16:58:02.232 [info] ExtensionService#_doActivateExtension vscode.git, startup: false, activationEvent: 'api', root cause: vscode.github
2024-09-28 16:58:10.243 [info] ExtensionService#_doActivateExtension vscode.php-language-features, startup: false, activationEvent: 'onLanguage:php'
2024-09-28 16:58:10.261 [info] ExtensionService#_doActivateExtension vscode.emmet, startup: false, activationEvent: 'onLanguage'
2024-09-28 17:06:34.249 [info] ExtensionService#_doActivateExtension vscode.extension-editing, startup: false, activationEvent: 'onLanguage:markdown'
2024-09-28 17:06:34.278 [info] ExtensionService#_doActivateExtension vscode.markdown-language-features, startup: false, activationEvent: 'onLanguage:markdown'
2024-09-28 17:06:34.772 [info] ExtensionService#_doActivateExtension vscode.markdown-math, startup: false, activationEvent: 'api', root cause: vscode.markdown-language-features
2024-09-28 19:50:04.935 [info] ExtensionService#_doActivateExtension vscode.css-language-features, startup: false, activationEvent: 'onLanguage:css'
2024-09-28 21:00:57.079 [warning] [Decorations] CAPPING events from decorations provider vscode.git 376
2024-09-28 21:00:57.120 [warning] [Decorations] CAPPING events from decorations provider vscode.git 376
2024-09-28 21:00:58.101 [error] Error: No such branch: master.
	at N.getBranch (/snap/code/169/usr/share/code/resources/app/extensions/git/dist/main.js:2:937115)
	at async T.retryRun (/snap/code/169/usr/share/code/resources/app/extensions/git/dist/main.js:2:1032816)
	at async T.run (/snap/code/169/usr/share/code/resources/app/extensions/git/dist/main.js:2:1032420)
	at async T.getBranch (/snap/code/169/usr/share/code/resources/app/extensions/git/dist/main.js:2:1020563)
	at async T.getBranchBase (/snap/code/169/usr/share/code/resources/app/extensions/git/dist/main.js:2:1020849)
	at async t.GitHistoryProvider.resolveHEADMergeBase (/snap/code/169/usr/share/code/resources/app/extensions/git/dist/main.js:2:948410)
	at async t.GitHistoryProvider.onDidRunGitStatus (/snap/code/169/usr/share/code/resources/app/extensions/git/dist/main.js:2:941737)
2024-09-28 21:00:58.174 [error] Error: No such branch: master.
	at N.getBranch (/snap/code/169/usr/share/code/resources/app/extensions/git/dist/main.js:2:937115)
	at async T.retryRun (/snap/code/169/usr/share/code/resources/app/extensions/git/dist/main.js:2:1032816)
	at async T.run (/snap/code/169/usr/share/code/resources/app/extensions/git/dist/main.js:2:1032420)
	at async T.getBranch (/snap/code/169/usr/share/code/resources/app/extensions/git/dist/main.js:2:1020563)
	at async T.getBranchBase (/snap/code/169/usr/share/code/resources/app/extensions/git/dist/main.js:2:1020849)
	at async t.GitHistoryProvider.resolveHEADMergeBase (/snap/code/169/usr/share/code/resources/app/extensions/git/dist/main.js:2:948410)
	at async t.GitHistoryProvider.onDidRunGitStatus (/snap/code/169/usr/share/code/resources/app/extensions/git/dist/main.js:2:941737)
2024-09-28 21:00:59.306 [warning] [Decorations] CAPPING events from decorations provider vscode.git 376
2024-09-28 21:01:00.313 [error] Error: No such branch: master.
	at N.getBranch (/snap/code/169/usr/share/code/resources/app/extensions/git/dist/main.js:2:937115)
	at async T.retryRun (/snap/code/169/usr/share/code/resources/app/extensions/git/dist/main.js:2:1032816)
	at async T.run (/snap/code/169/usr/share/code/resources/app/extensions/git/dist/main.js:2:1032420)
	at async T.getBranch (/snap/code/169/usr/share/code/resources/app/extensions/git/dist/main.js:2:1020563)
	at async T.getBranchBase (/snap/code/169/usr/share/code/resources/app/extensions/git/dist/main.js:2:1020849)
	at async t.GitHistoryProvider.resolveHEADMergeBase (/snap/code/169/usr/share/code/resources/app/extensions/git/dist/main.js:2:948410)
	at async t.GitHistoryProvider.onDidRunGitStatus (/snap/code/169/usr/share/code/resources/app/extensions/git/dist/main.js:2:941737)
2024-09-28 21:01:08.156 [warning] [Decorations] CAPPING events from decorations provider vscode.git 395
2024-09-28 21:01:09.160 [error] Error: No such branch: master.
	at N.getBranch (/snap/code/169/usr/share/code/resources/app/extensions/git/dist/main.js:2:937115)
	at async T.retryRun (/snap/code/169/usr/share/code/resources/app/extensions/git/dist/main.js:2:1032816)
	at async T.run (/snap/code/169/usr/share/code/resources/app/extensions/git/dist/main.js:2:1032420)
	at async T.getBranch (/snap/code/169/usr/share/code/resources/app/extensions/git/dist/main.js:2:1020563)
	at async T.getBranchBase (/snap/code/169/usr/share/code/resources/app/extensions/git/dist/main.js:2:1020849)
	at async t.GitHistoryProvider.resolveHEADMergeBase (/snap/code/169/usr/share/code/resources/app/extensions/git/dist/main.js:2:948410)
	at async t.GitHistoryProvider.onDidRunGitStatus (/snap/code/169/usr/share/code/resources/app/extensions/git/dist/main.js:2:941737)
