2024-09-28 16:57:18.645 [info] Added views:workbench.panel.markers.view in workbench.panel.markers
2024-09-28 16:57:18.645 [info] Added views:workbench.panel.output in workbench.panel.output
2024-09-28 16:57:18.645 [info] Added views:terminal in terminal
2024-09-28 16:57:18.645 [info] Added views:outline in workbench.view.explorer
2024-09-28 16:57:18.645 [info] Added views:workbench.scm in workbench.view.scm
2024-09-28 16:57:18.645 [info] Added views:workbench.view.search in workbench.view.search
2024-09-28 16:57:18.645 [info] Added views:timeline in workbench.view.explorer
2024-09-28 16:57:18.645 [info] Added views:workbench.explorer.emptyView in workbench.view.explorer
2024-09-28 16:57:19.293 [info] Added views:workbench.debug.variablesView,workbench.debug.watchExpressionsView,workbench.debug.callStackView,workbench.debug.breakPointsView in workbench.view.debug
2024-09-28 16:57:19.361 [info] Added views:workbench.panel.repl.view in workbench.panel.repl
2024-09-28 16:57:19.362 [info] Removed views:workbench.debug.breakPointsView,workbench.debug.callStackView,workbench.debug.watchExpressionsView,workbench.debug.variablesView from workbench.view.debug
2024-09-28 16:57:19.363 [info] Added views:workbench.debug.welcome in workbench.view.debug
2024-09-28 16:57:19.562 [info] Added views:~remote.forwardedPorts in ~remote.forwardedPortsContainer
2024-09-28 16:57:59.596 [info] Added views:workbench.panel.markers.view in workbench.panel.markers
2024-09-28 16:57:59.596 [info] Added views:workbench.panel.output in workbench.panel.output
2024-09-28 16:57:59.596 [info] Added views:terminal in terminal
2024-09-28 16:57:59.596 [info] Added views:outline in workbench.view.explorer
2024-09-28 16:57:59.596 [info] Added views:workbench.scm in workbench.view.scm
2024-09-28 16:57:59.596 [info] Added views:workbench.view.search in workbench.view.search
2024-09-28 16:57:59.596 [info] Added views:timeline in workbench.view.explorer
2024-09-28 16:57:59.597 [info] Added views:workbench.explorer.fileView in workbench.view.explorer
2024-09-28 16:58:00.033 [info] Added views:workbench.debug.variablesView,workbench.debug.watchExpressionsView,workbench.debug.callStackView,workbench.debug.breakPointsView in workbench.view.debug
2024-09-28 16:58:00.324 [info] Added views:workbench.panel.repl.view in workbench.panel.repl
2024-09-28 16:58:00.328 [info] Removed views:workbench.debug.breakPointsView,workbench.debug.callStackView,workbench.debug.watchExpressionsView,workbench.debug.variablesView from workbench.view.debug
2024-09-28 16:58:00.329 [info] Added views:workbench.debug.welcome in workbench.view.debug
2024-09-28 16:58:00.401 [info] Added views:~remote.forwardedPorts in ~remote.forwardedPortsContainer
2024-09-28 21:00:57.030 [info] Added views:workbench.scm.history in workbench.view.scm
