2024-09-28 16:57:19.702 [info] [main] Log level: Info
2024-09-28 16:57:19.702 [info] [main] Validating found git in: "git"
2024-09-28 16:57:19.702 [info] [main] Using git "2.43.0" from "git"
2024-09-28 16:57:19.702 [info] [Model][doInitialScan] Initial repository scan started
2024-09-28 16:57:19.702 [info] [Model][doInitialScan] Initial repository scan completed - repositories (0), closed repositories (0), parent repositories (0), unsafe repositories (0)
2024-09-28 16:58:02.334 [info] [main] Log level: Info
2024-09-28 16:58:02.334 [info] [main] Validating found git in: "git"
2024-09-28 16:58:02.334 [info] [main] Using git "2.43.0" from "git"
2024-09-28 16:58:02.334 [info] [Model][doInitialScan] Initial repository scan started
2024-09-28 16:58:02.334 [info] > git rev-parse --show-toplevel [3ms]
2024-09-28 16:58:02.334 [info] fatal: not a git repository (or any of the parent directories): .git
2024-09-28 16:58:02.334 [info] > git rev-parse --show-toplevel [2ms]
2024-09-28 16:58:02.334 [info] fatal: not a git repository (or any of the parent directories): .git
2024-09-28 16:58:02.334 [info] [Model][doInitialScan] Initial repository scan completed - repositories (0), closed repositories (0), parent repositories (0), unsafe repositories (0)
2024-09-28 16:58:10.192 [info] > git rev-parse --show-toplevel [1ms]
2024-09-28 16:58:10.192 [info] fatal: not a git repository (or any of the parent directories): .git
2024-09-28 17:06:34.194 [info] > git rev-parse --show-toplevel [2ms]
2024-09-28 17:06:34.194 [info] fatal: not a git repository (or any of the parent directories): .git
2024-09-28 17:06:41.519 [info] > git rev-parse --show-toplevel [2ms]
2024-09-28 17:06:41.519 [info] fatal: not a git repository (or any of the parent directories): .git
2024-09-28 17:06:41.525 [info] > git rev-parse --show-toplevel [2ms]
2024-09-28 17:06:41.525 [info] fatal: not a git repository (or any of the parent directories): .git
2024-09-28 17:06:43.935 [info] > git rev-parse --show-toplevel [2ms]
2024-09-28 17:06:43.935 [info] fatal: not a git repository (or any of the parent directories): .git
2024-09-28 17:06:49.516 [info] > git rev-parse --show-toplevel [1ms]
2024-09-28 17:06:49.516 [info] fatal: not a git repository (or any of the parent directories): .git
2024-09-28 17:06:49.522 [info] > git rev-parse --show-toplevel [2ms]
2024-09-28 17:06:49.522 [info] fatal: not a git repository (or any of the parent directories): .git
2024-09-28 19:47:24.866 [info] > git rev-parse --show-toplevel [1ms]
2024-09-28 19:47:24.866 [info] fatal: not a git repository (or any of the parent directories): .git
2024-09-28 19:47:58.123 [info] > git rev-parse --show-toplevel [1ms]
2024-09-28 19:47:58.123 [info] fatal: not a git repository (or any of the parent directories): .git
2024-09-28 19:48:28.110 [info] > git rev-parse --show-toplevel [2ms]
2024-09-28 19:48:28.110 [info] fatal: not a git repository (or any of the parent directories): .git
2024-09-28 19:48:47.227 [info] > git rev-parse --show-toplevel [2ms]
2024-09-28 19:48:47.227 [info] fatal: not a git repository (or any of the parent directories): .git
2024-09-28 19:48:58.989 [info] > git rev-parse --show-toplevel [1ms]
2024-09-28 19:48:58.989 [info] fatal: not a git repository (or any of the parent directories): .git
2024-09-28 19:49:09.983 [info] > git rev-parse --show-toplevel [1ms]
2024-09-28 19:49:09.983 [info] fatal: not a git repository (or any of the parent directories): .git
2024-09-28 19:49:17.248 [info] > git rev-parse --show-toplevel [2ms]
2024-09-28 19:49:17.248 [info] fatal: not a git repository (or any of the parent directories): .git
2024-09-28 19:49:19.406 [info] > git rev-parse --show-toplevel [1ms]
2024-09-28 19:49:19.406 [info] fatal: not a git repository (or any of the parent directories): .git
2024-09-28 19:49:28.717 [info] > git rev-parse --show-toplevel [1ms]
2024-09-28 19:49:28.717 [info] fatal: not a git repository (or any of the parent directories): .git
2024-09-28 19:49:45.057 [info] > git rev-parse --show-toplevel [1ms]
2024-09-28 19:49:45.057 [info] fatal: not a git repository (or any of the parent directories): .git
2024-09-28 19:50:04.915 [info] > git rev-parse --show-toplevel [2ms]
2024-09-28 19:50:04.915 [info] fatal: not a git repository (or any of the parent directories): .git
2024-09-28 19:50:29.254 [info] > git rev-parse --show-toplevel [1ms]
2024-09-28 19:50:29.254 [info] fatal: not a git repository (or any of the parent directories): .git
2024-09-28 19:50:43.551 [info] > git rev-parse --show-toplevel [2ms]
2024-09-28 19:50:43.551 [info] fatal: not a git repository (or any of the parent directories): .git
2024-09-28 19:52:31.715 [info] > git rev-parse --show-toplevel [1ms]
2024-09-28 19:52:31.715 [info] fatal: not a git repository (or any of the parent directories): .git
2024-09-28 19:52:36.409 [info] > git rev-parse --show-toplevel [2ms]
2024-09-28 19:52:36.409 [info] fatal: not a git repository (or any of the parent directories): .git
2024-09-28 19:52:49.253 [info] > git rev-parse --show-toplevel [2ms]
2024-09-28 19:52:49.253 [info] fatal: not a git repository (or any of the parent directories): .git
2024-09-28 19:57:31.717 [info] > git rev-parse --show-toplevel [2ms]
2024-09-28 19:57:31.717 [info] fatal: not a git repository (or any of the parent directories): .git
2024-09-28 19:57:46.840 [info] > git rev-parse --show-toplevel [2ms]
2024-09-28 19:57:46.840 [info] fatal: not a git repository (or any of the parent directories): .git
2024-09-28 19:58:14.079 [info] > git rev-parse --show-toplevel [3ms]
2024-09-28 19:58:14.079 [info] fatal: not a git repository (or any of the parent directories): .git
2024-09-28 19:58:32.173 [info] > git rev-parse --show-toplevel [1ms]
2024-09-28 19:58:32.173 [info] fatal: not a git repository (or any of the parent directories): .git
2024-09-28 19:58:34.204 [info] > git rev-parse --show-toplevel [3ms]
2024-09-28 19:58:34.204 [info] fatal: not a git repository (or any of the parent directories): .git
2024-09-28 19:59:03.165 [info] > git rev-parse --show-toplevel [1ms]
2024-09-28 19:59:03.165 [info] fatal: not a git repository (or any of the parent directories): .git
2024-09-28 19:59:49.066 [info] > git rev-parse --show-toplevel [2ms]
2024-09-28 19:59:49.066 [info] fatal: not a git repository (or any of the parent directories): .git
2024-09-28 20:00:20.299 [info] > git rev-parse --show-toplevel [2ms]
2024-09-28 20:00:20.299 [info] fatal: not a git repository (or any of the parent directories): .git
2024-09-28 20:05:08.507 [info] > git rev-parse --show-toplevel [2ms]
2024-09-28 20:05:08.507 [info] fatal: not a git repository (or any of the parent directories): .git
2024-09-28 20:05:14.720 [info] > git rev-parse --show-toplevel [1ms]
2024-09-28 20:05:14.720 [info] fatal: not a git repository (or any of the parent directories): .git
2024-09-28 20:05:15.882 [info] > git rev-parse --show-toplevel [2ms]
2024-09-28 20:05:15.882 [info] fatal: not a git repository (or any of the parent directories): .git
2024-09-28 20:07:05.836 [info] > git rev-parse --show-toplevel [3ms]
2024-09-28 20:07:05.836 [info] fatal: not a git repository (or any of the parent directories): .git
2024-09-28 20:07:09.657 [info] > git rev-parse --show-toplevel [1ms]
2024-09-28 20:07:09.657 [info] fatal: not a git repository (or any of the parent directories): .git
2024-09-28 20:13:22.803 [info] > git rev-parse --show-toplevel [2ms]
2024-09-28 20:13:22.803 [info] fatal: not a git repository (or any of the parent directories): .git
2024-09-28 20:13:56.926 [info] > git rev-parse --show-toplevel [1ms]
2024-09-28 20:13:56.926 [info] fatal: not a git repository (or any of the parent directories): .git
2024-09-28 20:14:01.551 [info] > git rev-parse --show-toplevel [2ms]
2024-09-28 20:14:01.551 [info] fatal: not a git repository (or any of the parent directories): .git
2024-09-28 20:14:07.993 [info] > git rev-parse --show-toplevel [1ms]
2024-09-28 20:14:07.993 [info] fatal: not a git repository (or any of the parent directories): .git
2024-09-28 20:14:31.288 [info] > git rev-parse --show-toplevel [1ms]
2024-09-28 20:14:31.288 [info] fatal: not a git repository (or any of the parent directories): .git
2024-09-28 20:14:38.761 [info] > git rev-parse --show-toplevel [1ms]
2024-09-28 20:14:38.761 [info] fatal: not a git repository (or any of the parent directories): .git
2024-09-28 20:14:47.752 [info] > git rev-parse --show-toplevel [1ms]
2024-09-28 20:14:47.752 [info] fatal: not a git repository (or any of the parent directories): .git
2024-09-28 20:15:10.352 [info] > git rev-parse --show-toplevel [1ms]
2024-09-28 20:15:10.352 [info] fatal: not a git repository (or any of the parent directories): .git
2024-09-28 20:15:19.046 [info] > git rev-parse --show-toplevel [3ms]
2024-09-28 20:15:19.046 [info] fatal: not a git repository (or any of the parent directories): .git
2024-09-28 20:16:43.661 [info] > git rev-parse --show-toplevel [1ms]
2024-09-28 20:16:43.661 [info] fatal: not a git repository (or any of the parent directories): .git
2024-09-28 20:16:44.588 [info] > git rev-parse --show-toplevel [1ms]
2024-09-28 20:16:44.588 [info] fatal: not a git repository (or any of the parent directories): .git
2024-09-28 20:16:45.979 [info] > git rev-parse --show-toplevel [1ms]
2024-09-28 20:16:45.979 [info] fatal: not a git repository (or any of the parent directories): .git
2024-09-28 20:17:44.349 [info] > git rev-parse --show-toplevel [1ms]
2024-09-28 20:17:44.349 [info] fatal: not a git repository (or any of the parent directories): .git
2024-09-28 20:17:47.566 [info] > git rev-parse --show-toplevel [1ms]
2024-09-28 20:17:47.566 [info] fatal: not a git repository (or any of the parent directories): .git
2024-09-28 20:17:48.519 [info] > git rev-parse --show-toplevel [2ms]
2024-09-28 20:17:48.519 [info] fatal: not a git repository (or any of the parent directories): .git
2024-09-28 20:28:11.161 [info] > git rev-parse --show-toplevel [5ms]
2024-09-28 20:28:11.161 [info] fatal: not a git repository (or any of the parent directories): .git
2024-09-28 20:30:01.940 [info] > git rev-parse --show-toplevel [9ms]
2024-09-28 20:30:01.940 [info] fatal: not a git repository (or any of the parent directories): .git
2024-09-28 20:30:55.167 [info] > git rev-parse --show-toplevel [6ms]
2024-09-28 20:30:55.167 [info] fatal: not a git repository (or any of the parent directories): .git
2024-09-28 20:31:04.890 [info] > git rev-parse --show-toplevel [7ms]
2024-09-28 20:31:04.892 [info] fatal: not a git repository (or any of the parent directories): .git
2024-09-28 20:31:19.652 [info] > git rev-parse --show-toplevel [7ms]
2024-09-28 20:31:19.652 [info] fatal: not a git repository (or any of the parent directories): .git
2024-09-28 20:34:47.514 [info] > git rev-parse --show-toplevel [5ms]
2024-09-28 20:34:47.514 [info] fatal: not a git repository (or any of the parent directories): .git
2024-09-28 20:38:28.769 [info] > git rev-parse --show-toplevel [9ms]
2024-09-28 20:38:28.769 [info] fatal: not a git repository (or any of the parent directories): .git
2024-09-28 20:38:51.643 [info] > git rev-parse --show-toplevel [5ms]
2024-09-28 20:38:51.643 [info] fatal: not a git repository (or any of the parent directories): .git
2024-09-28 20:42:31.399 [info] > git rev-parse --show-toplevel [5ms]
2024-09-28 20:42:31.399 [info] fatal: not a git repository (or any of the parent directories): .git
2024-09-28 20:42:52.142 [info] > git rev-parse --show-toplevel [6ms]
2024-09-28 20:42:52.142 [info] fatal: not a git repository (or any of the parent directories): .git
2024-09-28 20:47:16.355 [info] > git rev-parse --show-toplevel [1ms]
2024-09-28 20:47:16.355 [info] fatal: not a git repository (or any of the parent directories): .git
2024-09-28 20:48:35.833 [info] > git rev-parse --show-toplevel [1ms]
2024-09-28 20:48:35.833 [info] fatal: not a git repository (or any of the parent directories): .git
2024-09-28 20:49:05.123 [info] > git rev-parse --show-toplevel [1ms]
2024-09-28 20:49:05.123 [info] fatal: not a git repository (or any of the parent directories): .git
2024-09-28 20:50:54.960 [info] > git rev-parse --show-toplevel [1ms]
2024-09-28 20:50:54.960 [info] fatal: not a git repository (or any of the parent directories): .git
2024-09-28 20:50:58.548 [info] > git rev-parse --show-toplevel [1ms]
2024-09-28 20:50:58.548 [info] fatal: not a git repository (or any of the parent directories): .git
2024-09-28 20:50:59.519 [info] > git rev-parse --show-toplevel [2ms]
2024-09-28 20:50:59.519 [info] fatal: not a git repository (or any of the parent directories): .git
2024-09-28 20:51:10.146 [info] > git rev-parse --show-toplevel [1ms]
2024-09-28 20:51:10.146 [info] fatal: not a git repository (or any of the parent directories): .git
2024-09-28 20:56:02.577 [info] > git rev-parse --show-toplevel [2ms]
2024-09-28 20:56:02.577 [info] fatal: not a git repository (or any of the parent directories): .git
2024-09-28 20:56:06.083 [info] > git rev-parse --show-toplevel [1ms]
2024-09-28 20:56:06.083 [info] fatal: not a git repository (or any of the parent directories): .git
2024-09-28 20:56:31.854 [info] > git rev-parse --show-toplevel [3ms]
2024-09-28 20:56:31.854 [info] fatal: not a git repository (or any of the parent directories): .git
2024-09-28 21:00:11.718 [info] > git rev-parse --show-toplevel [2ms]
2024-09-28 21:00:11.718 [info] fatal: not a git repository (or any of the parent directories): .git
2024-09-28 21:00:57.010 [info] > git rev-parse --show-toplevel [2ms]
2024-09-28 21:00:57.018 [info] > git rev-parse --git-dir --git-common-dir [2ms]
2024-09-28 21:00:57.032 [info] [Model][openRepository] Opened repository: /opt/lampp/htdocs/angkasapura
2024-09-28 21:00:57.040 [info] > git config --get commit.template [2ms]
2024-09-28 21:00:57.047 [info] [Git][getRemotes] No remotes found in the git config file
2024-09-28 21:00:57.056 [info] > git for-each-ref --format=%(refname)%00%(upstream:short)%00%(objectname)%00%(upstream:track)%00%(upstream:remotename)%00%(upstream:remoteref) refs/heads/master refs/remotes/master [10ms]
2024-09-28 21:00:57.056 [warning] [Git][getBranch] No such branch: master
2024-09-28 21:00:57.067 [info] > git status -z -uall [5ms]
2024-09-28 21:00:57.090 [info] > git for-each-ref --format=%(refname)%00%(upstream:short)%00%(objectname)%00%(upstream:track)%00%(upstream:remotename)%00%(upstream:remoteref) refs/heads/master refs/remotes/master [16ms]
2024-09-28 21:00:57.090 [warning] [Git][getBranch] No such branch: master
2024-09-28 21:00:57.092 [info] > git config --get commit.template [3ms]
2024-09-28 21:00:57.102 [info] [Git][getRemotes] No remotes found in the git config file
2024-09-28 21:00:57.104 [info] > git for-each-ref --format=%(refname)%00%(upstream:short)%00%(objectname)%00%(upstream:track)%00%(upstream:remotename)%00%(upstream:remoteref) refs/heads/master refs/remotes/master [2ms]
2024-09-28 21:00:57.104 [warning] [Git][getBranch] No such branch: master
2024-09-28 21:00:57.110 [info] > git status -z -uall [3ms]
2024-09-28 21:00:57.172 [info] > git for-each-ref --format=%(refname)%00%(upstream:short)%00%(objectname)%00%(upstream:track)%00%(upstream:remotename)%00%(upstream:remoteref) refs/heads/master refs/remotes/master [55ms]
2024-09-28 21:00:57.172 [warning] [Git][getBranch] No such branch: master
2024-09-28 21:00:57.395 [info] > git show --textconv :readme.md [7ms]
2024-09-28 21:00:57.397 [info] > git ls-files --stage -- /opt/lampp/htdocs/angkasapura/readme.md [3ms]
2024-09-28 21:00:57.572 [info] > git check-ignore -v -z --stdin [6ms]
2024-09-28 21:00:59.263 [info] [Git][getRemotes] No remotes found in the git config file
2024-09-28 21:00:59.265 [info] > git config --get commit.template [16ms]
2024-09-28 21:00:59.267 [info] > git for-each-ref --format=%(refname)%00%(upstream:short)%00%(objectname)%00%(upstream:track)%00%(upstream:remotename)%00%(upstream:remoteref) refs/heads/master refs/remotes/master [5ms]
2024-09-28 21:00:59.268 [warning] [Git][getBranch] No such branch: master
2024-09-28 21:00:59.292 [info] > git status -z -uall [12ms]
2024-09-28 21:00:59.310 [info] > git for-each-ref --format=%(refname)%00%(upstream:short)%00%(objectname)%00%(upstream:track)%00%(upstream:remotename)%00%(upstream:remoteref) refs/heads/master refs/remotes/master [8ms]
2024-09-28 21:00:59.310 [warning] [Git][getBranch] No such branch: master
2024-09-28 21:01:08.100 [info] [Git][getRemotes] No remotes found in the git config file
2024-09-28 21:01:08.102 [info] > git config --get commit.template [17ms]
2024-09-28 21:01:08.104 [info] > git for-each-ref --format=%(refname)%00%(upstream:short)%00%(objectname)%00%(upstream:track)%00%(upstream:remotename)%00%(upstream:remoteref) refs/heads/master refs/remotes/master [5ms]
2024-09-28 21:01:08.105 [warning] [Git][getBranch] No such branch: master
2024-09-28 21:01:08.133 [info] > git status -z -uall [15ms]
2024-09-28 21:01:08.159 [info] > git for-each-ref --format=%(refname)%00%(upstream:short)%00%(objectname)%00%(upstream:track)%00%(upstream:remotename)%00%(upstream:remoteref) refs/heads/master refs/remotes/master [8ms]
2024-09-28 21:01:08.159 [warning] [Git][getBranch] No such branch: master
